execve("./get_mypid", ["./get_mypid"], 0x7ffeb8e325e0 /* 24 vars */) = 0
brk(NULL)                               = 0x560e03497000
mmap(NULL, 8192, PROT_READ|PROT_WRITE, MAP_PRIVATE|MAP_ANONYMOUS, -1, 0) = 0x7f8814d41000
access("/etc/ld.so.preload", R_OK)      = -1 ENOENT (No such file or directory)
openat(AT_FDCWD, "/etc/ld.so.cache", O_RDONLY|O_CLOEXEC) = 3
fstat(3, {st_mode=S_IFREG|0644, st_size=23889, ...}) = 0
mmap(NULL, 23889, PROT_READ, MAP_PRIVATE, 3, 0) = 0x7f8814d3b000
close(3)                                = 0
openat(AT_FDCWD, "/lib/x86_64-linux-gnu/libc.so.6", O_RDONLY|O_CLOEXEC) = 3
read(3, "\177ELF\2\1\1\3\0\0\0\0\0\0\0\0\3\0>\0\1\0\0\0\0\245\2\0\0\0\0\0"..., 832) = 832
pread64(3, "\6\0\0\0\4\0\0\0@\0\0\0\0\0\0\0@\0\0\0\0\0\0\0@\0\0\0\0\0\0\0"..., 840, 64) = 840
fstat(3, {st_mode=S_IFREG|0755, st_size=2182752, ...}) = 0
pread64(3, "\6\0\0\0\4\0\0\0@\0\0\0\0\0\0\0@\0\0\0\0\0\0\0@\0\0\0\0\0\0\0"..., 840, 64) = 840
mmap(NULL, 2227832, PROT_READ, MAP_PRIVATE|MAP_DENYWRITE, 3, 0) = 0x7f8814a00000
mmap(0x7f8814a28000, 1662976, PROT_READ|PROT_EXEC, MAP_PRIVATE|MAP_FIXED|MAP_DENYWRITE, 3, 0x28000) = 0x7f8814a28000
mmap(0x7f8814bbe000, 323584, PROT_READ, MAP_PRIVATE|MAP_FIXED|MAP_DENYWRITE, 3, 0x1be000) = 0x7f8814bbe000
mmap(0x7f8814c0d000, 24576, PROT_READ|PROT_WRITE, MAP_PRIVATE|MAP_FIXED|MAP_DENYWRITE, 3, 0x20c000) = 0x7f8814c0d000
mmap(0x7f8814c13000, 52856, PROT_READ|PROT_WRITE, MAP_PRIVATE|MAP_FIXED|MAP_ANONYMOUS, -1, 0) = 0x7f8814c13000
close(3)                                = 0
mmap(NULL, 12288, PROT_READ|PROT_WRITE, MAP_PRIVATE|MAP_ANONYMOUS, -1, 0) = 0x7f8814d38000
arch_prctl(ARCH_SET_FS, 0x7f8814d38740) = 0
set_tid_address(0x7f8814d38a10)         = 2247
set_robust_list(0x7f8814d38a20, 24)     = 0
rseq(0x7f8814d38680, 0x20, 0, 0x53053053) = 0
mprotect(0x7f8814c0d000, 16384, PROT_READ) = 0
mprotect(0x560ddcf2d000, 4096, PROT_READ) = 0
mprotect(0x7f8814d85000, 8192, PROT_READ) = 0
prlimit64(0, RLIMIT_STACK, NULL, {rlim_cur=8192*1024, rlim_max=RLIM64_INFINITY}) = 0
munmap(0x7f8814d3b000, 23889)           = 0
getpid()                                = 2247
fstat(1, {st_mode=S_IFCHR|0620, st_rdev=makedev(0x88, 0), ...}) = 0
getrandom("\x5d\x3f\xef\x0a\xba\xc0\x2a\x86", 8, GRND_NONBLOCK) = 8
brk(NULL)                               = 0x560e03497000
brk(0x560e034b8000)                     = 0x560e034b8000
write(1, "PID: 2247\n", 10)             = 10
exit_group(0)                           = ?
+++ exited with 0 +++
